<?xml version="1.0" encoding="UTF-8"?>
<!-- Generated by org.testng.reporters.JUnitXMLReporter -->
<testsuite hostname="AKSHI-PC" name="6. Go to &#039;Transfer Methods&#039; page. Remove Transfer method." tests="4" failures="0" timestamp="12 Jun 2017 11:01:11 GMT" time="14.038" errors="0">
  <testcase name="clickTransferMethodsTabTest" time="6.339" classname="com.guru.testing.page.PaymentsTransferPageTest"/>
  <testcase name="verifyTransferMethodsPageTest" time="0.231" classname="com.guru.testing.page.PaymentsTransferPageTest"/>
  <testcase name="clickRemoveCCTest" time="5.181" classname="com.guru.testing.page.PaymentsTransferPageTest"/>
  <testcase name="clickConfirmRemoveTest" time="1.257" classname="com.guru.testing.page.PaymentsTransferPageTest"/>
</testsuite> <!-- 6. Go to 'Transfer Methods' page. Remove Transfer method. -->
