<?xml version="1.0" encoding="UTF-8"?>
<!-- Generated by org.testng.reporters.JUnitXMLReporter -->
<testsuite hostname="AKSHI-PC" name="Posting Jobs." tests="22" failures="0" timestamp="14 Jun 2017 04:52:02 GMT" time="546.808" errors="0">
  <testcase name="navigateToUrlTest" time="13.186" classname="com.guru.testing.tests.LaunchApplication"/>
  <testcase name="enterUsernameAndPasswordTest" time="1.183" classname="com.guru.testing.tests.EMPLogin"/>
  <testcase name="clickSignInTest" time="20.349" classname="com.guru.testing.tests.EMPLogin"/>
  <testcase name="validateSecurityTest" time="37.8" classname="com.guru.testing.tests.EMPLogin"/>
  <testcase name="verifyAndSkipPhoneVerificationTest" time="10.53" classname="com.guru.testing.tests.EMPLogin"/>
  <testcase name="verifyDashboardPageTest" time="0.226" classname="com.guru.testing.tests.EMPLogin"/>
  <testcase name="goToPostAJobPageTest" time="7.712" classname="com.guru.testing.tests.PostAJobAllPayMethods"/>
  <testcase name="enterJobDetailsTest" time="19.051" classname="com.guru.testing.tests.PostAJobAllPayMethods"/>
  <testcase name="payUsingCATest" time="17.692" classname="com.guru.testing.tests.PostAJobAllPayMethods"/>
  <testcase name="verifyJobPostSuccessCATest" time="41.068" classname="com.guru.testing.tests.PostAJobAllPayMethods"/>
  <testcase name="postJobCCTest" time="22.018" classname="com.guru.testing.tests.PostAJobAllPayMethods"/>
  <testcase name="payUsingCCTest" time="21.615" classname="com.guru.testing.tests.PostAJobAllPayMethods"/>
  <testcase name="verifyJobPostSuccessCCTest" time="14.459" classname="com.guru.testing.tests.PostAJobAllPayMethods"/>
  <testcase name="postJobPaypalTest" time="22.185" classname="com.guru.testing.tests.PostAJobAllPayMethods"/>
  <testcase name="payUsingPaypalTest" time="104.042" classname="com.guru.testing.tests.PostAJobAllPayMethods"/>
  <testcase name="verifyJobPostSuccessPaypalTest" time="20.042" classname="com.guru.testing.tests.PostAJobAllPayMethods"/>
  <testcase name="postJobAddedCCTest" time="44.827" classname="com.guru.testing.tests.PostAJobAllPayMethods"/>
  <testcase name="payUsingAddedCCTest" time="9.062" classname="com.guru.testing.tests.PostAJobAllPayMethods"/>
  <testcase name="completeAddedCCPaymentTest" time="13.707" classname="com.guru.testing.tests.PostAJobAllPayMethods"/>
  <testcase name="postJobAddedPaypalTest" time="32.604" classname="com.guru.testing.tests.PostAJobAllPayMethods"/>
  <testcase name="payUsingAddedPayPalTest" time="22.923" classname="com.guru.testing.tests.PostAJobAllPayMethods"/>
  <testcase name="removePaymentsTest" time="45.476" classname="com.guru.testing.tests.PostAJobAllPayMethods"/>
</testsuite> <!-- Posting Jobs. -->
