<?xml version="1.0" encoding="UTF-8"?>
<!-- Generated by org.testng.reporters.JUnitXMLReporter -->
<testsuite hostname="AKSHI-PC" name="1. Login as Employer. And click first active workroom." tests="11" failures="0" timestamp="30 May 2017 10:37:11 GMT" time="44.513" errors="0">
  <testcase name="navigateToUrlTest" time="6.247" classname="com.guru.testing.page.LaunchApplicationPageTest"/>
  <testcase name="verifyLoginPageTest" time="0.153" classname="com.guru.testing.page.LoginPageTest"/>
  <testcase name="enterEmailOrUsernameTest" time="0.113" classname="com.guru.testing.page.LoginPageTest"/>
  <testcase name="enterPasswordTest" time="0.096" classname="com.guru.testing.page.LoginPageTest"/>
  <testcase name="clickSignInButtonTest" time="5.092" classname="com.guru.testing.page.LoginPageTest"/>
  <testcase name="validateSecurityQuestionsPageTest" time="8.591" classname="com.guru.testing.page.SecurityQuestionsPageTest"/>
  <testcase name="verifyPhoneVerificationPageTest" time="0.012" classname="com.guru.testing.page.PhoneVerificationPageTest"/>
  <testcase name="verifySkipThisForNowLinkTest" time="4.035" classname="com.guru.testing.page.PhoneVerificationPageTest"/>
  <testcase name="verifyFLDashboardPageTest" time="0.205" classname="com.guru.testing.page.DashboardPageTest"/>
  <testcase name="clickFLWorkroomByIndexTest" time="3.315" classname="com.guru.testing.page.DashboardPageTest"/>
  <testcase name="verifyFLStatusUpdatesTabTest" time="11.516" classname="com.guru.testing.page.WorkroomPageTest"/>
</testsuite> <!-- 1. Login as Employer. And click first active workroom. -->
