<?xml version="1.0" encoding="UTF-8"?>
<!-- Generated by org.testng.reporters.JUnitXMLReporter -->
<testsuite hostname="AKSHI-PC" name="2. Click file folders tab, and verify page details. Upload a file in public, and verify counter increased." tests="11" failures="0" timestamp="30 May 2017 10:30:42 GMT" time="35.501" errors="0">
  <testcase name="clickFileFoldersFLTest" time="3.381" classname="com.guru.testing.page.WorkroomPageTest"/>
  <testcase name="verifyFileFoldersTest" time="0.862" classname="com.guru.testing.page.WorkroomPageTest"/>
  <testcase name="getFileCountBeforePublicFFTest" time="5.014" classname="com.guru.testing.page.WorkroomPageTest"/>
  <testcase name="clickAddFilesFFTest" time="1.16" classname="com.guru.testing.page.WorkroomPageTest"/>
  <testcase name="verifyAddFilesPopupPublicFFTest" time="0.138" classname="com.guru.testing.page.WorkroomPageTest"/>
  <testcase name="clickSelectFilesTest" time="0.062" classname="com.guru.testing.page.WorkroomPageTest"/>
  <testcase name="uploadFileTest" time="14.586" classname="com.guru.testing.page.WorkroomPageTest"/>
  <testcase name="clickFinishedTest" time="10.169" classname="com.guru.testing.page.WorkroomPageTest"/>
  <testcase name="verifyFileAddedPublicFFTest" time="0.084" classname="com.guru.testing.page.WorkroomPageTest"/>
  <testcase name="getFileCountAfterPublicFFTest" time="0.034" classname="com.guru.testing.page.WorkroomPageTest"/>
  <testcase name="verifyPublicFileCounterIncreasedTest" time="0.001" classname="com.guru.testing.page.WorkroomPageTest"/>
</testsuite> <!-- 2. Click file folders tab, and verify page details. Upload a file in public, and verify counter increased. -->
