<?xml version="1.0" encoding="UTF-8"?>
<!-- Generated by org.testng.reporters.JUnitXMLReporter -->
<testsuite hostname="AKSHI-PC" name="3. Click Private Files tab, and verify page loaded. Upload a file in private, and verify counter increased. Go to Chats." tests="12" failures="1" timestamp="30 May 2017 10:31:33 GMT" time="50.52" errors="0">
  <testcase name="clickPrivateFilesTabFFTest" time="0.075" classname="com.guru.testing.page.WorkroomPageTest"/>
  <testcase name="verifyPrivateFilesTabFFTest" time="3.195" classname="com.guru.testing.page.WorkroomPageTest"/>
  <testcase name="getFileCountBeforePrivateFFTest" time="5.048" classname="com.guru.testing.page.WorkroomPageTest"/>
  <testcase name="clickAddFilesFFTest" time="0.142" classname="com.guru.testing.page.WorkroomPageTest"/>
  <testcase name="verifyAddFilesPopupPrivateFFTest" time="0.129" classname="com.guru.testing.page.WorkroomPageTest"/>
  <testcase name="clickSelectFilesTest" time="0.063" classname="com.guru.testing.page.WorkroomPageTest"/>
  <testcase name="uploadFileTest" time="14.613" classname="com.guru.testing.page.WorkroomPageTest"/>
  <testcase name="clickFinishedTest" time="10.201" classname="com.guru.testing.page.WorkroomPageTest"/>
  <testcase name="getFileCountAfterPrivateFFTest" time="0.078" classname="com.guru.testing.page.WorkroomPageTest"/>
  <testcase name="verifyPrivateFileCounterIncreasedTest" time="0.0" classname="com.guru.testing.page.WorkroomPageTest"/>
  <testcase name="clickChatsTabTest" time="5.826" classname="com.guru.testing.page.WorkroomPageTest"/>
  <testcase name="verifyDefaultChatroomTest" time="10.532" classname="com.guru.testing.page.WorkroomPageTest">
    <failure type="com.guru.framework.testing.objects.exceptions.HTMLElementNotFoundException" message="One of more element necessary for page verification didn&amp;apos;t appear.">
      <![CDATA[com.guru.framework.testing.objects.exceptions.HTMLElementNotFoundException: One of more element necessary for page verification didn't appear.
	at com.guru.testing.page.WorkroomPageTest.verifyDefaultChatroomTest(WorkroomPageTest.java:1463)
... Removed 24 stack frames]]>
    </failure>
  </testcase> <!-- verifyDefaultChatroomTest -->
</testsuite> <!-- 3. Click Private Files tab, and verify page loaded. Upload a file in private, and verify counter increased. Go to Chats. -->
