<html>
<head>
<title>TestNG:  3. Click Private Files tab, and verify page loaded. Upload a file in private, and verify counter increased. Go to Chats.</title>
<link href="../testng.css" rel="stylesheet" type="text/css" />
<link href="../my-testng.css" rel="stylesheet" type="text/css" />

<style type="text/css">
.log { display: none;} 
.stack-trace { display: none;} 
</style>
<script type="text/javascript">
<!--
function flip(e) {
  current = e.style.display;
  if (current == 'block') {
    e.style.display = 'none';
    return 0;
  }
  else {
    e.style.display = 'block';
    return 1;
  }
}

function toggleBox(szDivId, elem, msg1, msg2)
{
  var res = -1;  if (document.getElementById) {
    res = flip(document.getElementById(szDivId));
  }
  else if (document.all) {
    // this is the way old msie versions work
    res = flip(document.all[szDivId]);
  }
  if(elem) {
    if(res == 0) elem.innerHTML = msg1; else elem.innerHTML = msg2;
  }

}

function toggleAllBoxes() {
  if (document.getElementsByTagName) {
    d = document.getElementsByTagName('div');
    for (i = 0; i < d.length; i++) {
      if (d[i].className == 'log') {
        flip(d[i]);
      }
    }
  }
}

// -->
</script>

</head>
<body>
<h2 align='center'>3. Click Private Files tab, and verify page loaded. Upload a file in private, and verify counter increased. Go to Chats.</h2><table border='1' align="center">
<tr>
<td>Tests passed/Failed/Skipped:</td><td>11/1/0</td>
</tr><tr>
<td>Started on:</td><td>Tue May 30 16:00:42 IST 2017</td>
</tr>
<tr><td>Total time:</td><td>50 seconds (50520 ms)</td>
</tr><tr>
<td>Included groups:</td><td></td>
</tr><tr>
<td>Excluded groups:</td><td></td>
</tr>
</table><p/>
<small><i>(Hover the method name to see the test class name)</i></small><p/>
<table width='100%' border='1' class='invocation-failed'>
<tr><td colspan='4' align='center'><b>FAILED TESTS</b></td></tr>
<tr><td><b>Test method</b></td>
<td width="30%"><b>Exception</b></td>
<td width="10%"><b>Time (seconds)</b></td>
<td><b>Instance</b></td>
</tr>
<tr>
<td title='com.guru.testing.page.WorkroomPageTest.verifyDefaultChatroomTest()'><b>verifyDefaultChatroomTest</b><br>Test class: com.guru.testing.page.WorkroomPageTest</td>
<td><div><pre>com.guru.framework.testing.objects.exceptions.HTMLElementNotFoundException: One of more element necessary for page verification didn&apos;t appear.
	at com.guru.testing.page.WorkroomPageTest.verifyDefaultChatroomTest(WorkroomPageTest.java:1463)
... Removed 24 stack frames</pre></div><a href='#' onClick='toggleBox("stack-trace1766911337", this, "Click to show all stack frames", "Click to hide stack frames")'>Click to show all stack frames</a>
<div class='stack-trace' id='stack-trace1766911337'><pre>com.guru.framework.testing.objects.exceptions.HTMLElementNotFoundException: One of more element necessary for page verification didn't appear.
	at com.guru.testing.page.WorkroomPageTest.verifyDefaultChatroomTest(WorkroomPageTest.java:1463)
	at sun.reflect.NativeMethodAccessorImpl.invoke0(Native Method)
	at sun.reflect.NativeMethodAccessorImpl.invoke(NativeMethodAccessorImpl.java:62)
	at sun.reflect.DelegatingMethodAccessorImpl.invoke(DelegatingMethodAccessorImpl.java:43)
	at java.lang.reflect.Method.invoke(Method.java:498)
	at org.testng.internal.MethodInvocationHelper.invokeMethod(MethodInvocationHelper.java:80)
	at org.testng.internal.Invoker.invokeMethod(Invoker.java:702)
	at org.testng.internal.Invoker.invokeTestMethod(Invoker.java:894)
	at org.testng.internal.Invoker.invokeTestMethods(Invoker.java:1219)
	at org.testng.internal.TestMethodWorker.invokeTestMethods(TestMethodWorker.java:127)
	at org.testng.internal.TestMethodWorker.run(TestMethodWorker.java:111)
	at org.testng.TestRunner.privateRun(TestRunner.java:768)
	at org.testng.TestRunner.run(TestRunner.java:617)
	at org.testng.SuiteRunner.runTest(SuiteRunner.java:334)
	at org.testng.SuiteRunner.runSequentially(SuiteRunner.java:329)
	at org.testng.SuiteRunner.privateRun(SuiteRunner.java:291)
	at org.testng.SuiteRunner.run(SuiteRunner.java:240)
	at org.testng.SuiteRunnerWorker.runSuite(SuiteRunnerWorker.java:53)
	at org.testng.SuiteRunnerWorker.run(SuiteRunnerWorker.java:87)
	at org.testng.TestNG.runSuitesSequentially(TestNG.java:1188)
	at org.testng.TestNG.runSuitesLocally(TestNG.java:1113)
	at org.testng.TestNG.run(TestNG.java:1025)
	at org.testng.remote.AbstractRemoteTestNG.run(AbstractRemoteTestNG.java:132)
	at org.testng.remote.RemoteTestNG.initAndRun(RemoteTestNG.java:236)
	at org.testng.remote.RemoteTestNG.main(RemoteTestNG.java:81)
</pre></div></td>
<td>10</td>
<td>com.guru.testing.page.WorkroomPageTest@59ec2012</td></tr>
</table><p>
<table width='100%' border='1' class='invocation-passed'>
<tr><td colspan='4' align='center'><b>PASSED TESTS</b></td></tr>
<tr><td><b>Test method</b></td>
<td width="30%"><b>Exception</b></td>
<td width="10%"><b>Time (seconds)</b></td>
<td><b>Instance</b></td>
</tr>
<tr>
<td title='com.guru.testing.page.WorkroomPageTest.clickAddFilesFFTest()'><b>clickAddFilesFFTest</b><br>Test class: com.guru.testing.page.WorkroomPageTest</td>
<td></td>
<td>0</td>
<td>com.guru.testing.page.WorkroomPageTest@59ec2012</td></tr>
<tr>
<td title='com.guru.testing.page.WorkroomPageTest.clickChatsTabTest()'><b>clickChatsTabTest</b><br>Test class: com.guru.testing.page.WorkroomPageTest</td>
<td></td>
<td>5</td>
<td>com.guru.testing.page.WorkroomPageTest@59ec2012</td></tr>
<tr>
<td title='com.guru.testing.page.WorkroomPageTest.clickFinishedTest()'><b>clickFinishedTest</b><br>Test class: com.guru.testing.page.WorkroomPageTest</td>
<td></td>
<td>10</td>
<td>com.guru.testing.page.WorkroomPageTest@59ec2012</td></tr>
<tr>
<td title='com.guru.testing.page.WorkroomPageTest.clickPrivateFilesTabFFTest()'><b>clickPrivateFilesTabFFTest</b><br>Test class: com.guru.testing.page.WorkroomPageTest</td>
<td></td>
<td>0</td>
<td>com.guru.testing.page.WorkroomPageTest@59ec2012</td></tr>
<tr>
<td title='com.guru.testing.page.WorkroomPageTest.clickSelectFilesTest()'><b>clickSelectFilesTest</b><br>Test class: com.guru.testing.page.WorkroomPageTest</td>
<td></td>
<td>0</td>
<td>com.guru.testing.page.WorkroomPageTest@59ec2012</td></tr>
<tr>
<td title='com.guru.testing.page.WorkroomPageTest.getFileCountAfterPrivateFFTest()'><b>getFileCountAfterPrivateFFTest</b><br>Test class: com.guru.testing.page.WorkroomPageTest</td>
<td></td>
<td>0</td>
<td>com.guru.testing.page.WorkroomPageTest@59ec2012</td></tr>
<tr>
<td title='com.guru.testing.page.WorkroomPageTest.getFileCountBeforePrivateFFTest()'><b>getFileCountBeforePrivateFFTest</b><br>Test class: com.guru.testing.page.WorkroomPageTest</td>
<td></td>
<td>5</td>
<td>com.guru.testing.page.WorkroomPageTest@59ec2012</td></tr>
<tr>
<td title='com.guru.testing.page.WorkroomPageTest.uploadFileTest()'><b>uploadFileTest</b><br>Test class: com.guru.testing.page.WorkroomPageTest<br>Parameters: C:\TestData\img2.jpg</td>
<td></td>
<td>14</td>
<td>com.guru.testing.page.WorkroomPageTest@59ec2012</td></tr>
<tr>
<td title='com.guru.testing.page.WorkroomPageTest.verifyAddFilesPopupPrivateFFTest()'><b>verifyAddFilesPopupPrivateFFTest</b><br>Test class: com.guru.testing.page.WorkroomPageTest</td>
<td></td>
<td>0</td>
<td>com.guru.testing.page.WorkroomPageTest@59ec2012</td></tr>
<tr>
<td title='com.guru.testing.page.WorkroomPageTest.verifyPrivateFileCounterIncreasedTest()'><b>verifyPrivateFileCounterIncreasedTest</b><br>Test class: com.guru.testing.page.WorkroomPageTest</td>
<td></td>
<td>0</td>
<td>com.guru.testing.page.WorkroomPageTest@59ec2012</td></tr>
<tr>
<td title='com.guru.testing.page.WorkroomPageTest.verifyPrivateFilesTabFFTest()'><b>verifyPrivateFilesTabFFTest</b><br>Test class: com.guru.testing.page.WorkroomPageTest</td>
<td></td>
<td>3</td>
<td>com.guru.testing.page.WorkroomPageTest@59ec2012</td></tr>
</table><p>
</body>
</html>