<?xml version="1.0" encoding="UTF-8"?>
<!-- Generated by org.testng.reporters.JUnitXMLReporter -->
<testsuite hostname="AKSHI-PC" name="4. Verify Public and Private links on top of the Chats page, with file counters. Copy a file from Public to Private." tests="11" failures="0" timestamp="30 May 2017 10:31:42 GMT" time="9.159" errors="0">
  <testcase name="verifyPublicFileCountInChatTest" time="0.056" classname="com.guru.testing.page.WorkroomPageTest"/>
  <testcase name="verifyPrivateFileCountInChatTest" time="0.036" classname="com.guru.testing.page.WorkroomPageTest"/>
  <testcase name="clickPublicFilesLinkEMPTest" time="0.076" classname="com.guru.testing.page.WorkroomPageTest"/>
  <testcase name="verifyPublicFilesPopupEMPTest" time="1.105" classname="com.guru.testing.page.WorkroomPageTest"/>
  <testcase name="verifyFileInPopupTest" time="0.035" classname="com.guru.testing.page.WorkroomPageTest"/>
  <testcase name="clickCheckboxAgainstFileTest" time="0.1" classname="com.guru.testing.page.WorkroomPageTest"/>
  <testcase name="clickCopyInFilePopupEMPTest" time="2.055" classname="com.guru.testing.page.WorkroomPageTest"/>
  <testcase name="verifyCopyToOptionsEMPTest" time="0.058" classname="com.guru.testing.page.WorkroomPageTest"/>
  <testcase name="clickPrivateFilesCheckboxEMPTest" time="0.055" classname="com.guru.testing.page.WorkroomPageTest"/>
  <testcase name="clickCopyAfterCopyToFromListEMPTest" time="0.495" classname="com.guru.testing.page.WorkroomPageTest"/>
  <testcase name="clickCloseFilePopupEMPTest" time="5.079" classname="com.guru.testing.page.WorkroomPageTest"/>
</testsuite> <!-- 4. Verify Public and Private links on top of the Chats page, with file counters. Copy a file from Public to Private. -->
