<?xml version="1.0" encoding="UTF-8"?>
<!-- Generated by org.testng.reporters.JUnitXMLReporter -->
<testsuite hostname="AKSHI-PC" name="Upgrading Membership" tests="35" failures="0" timestamp="14 Jun 2017 07:13:07 GMT" time="442.414" errors="0">
  <testcase name="navigateToUrlTest" time="12.426" classname="com.guru.testing.tests.LaunchApplication"/>
  <testcase name="enterUsernameAndPasswordTest" time="0.358" classname="com.guru.testing.tests.FLLogin"/>
  <testcase name="clickSignInTest" time="9.013" classname="com.guru.testing.tests.FLLogin"/>
  <testcase name="validateSecurityTest" time="13.413" classname="com.guru.testing.tests.FLLogin"/>
  <testcase name="verifyAndSkipPhoneVerificationTest" time="10.348" classname="com.guru.testing.tests.FLLogin"/>
  <testcase name="verifyDashboardPageTest" time="0.232" classname="com.guru.testing.tests.FLLogin"/>
  <testcase name="goToUpgradeMemPageTest" time="6.798" classname="com.guru.testing.tests.UpgradeMemAllPayMethods"/>
  <testcase name="upgradeUsingCATest" time="16.7" classname="com.guru.testing.tests.UpgradeMemAllPayMethods"/>
  <testcase name="payUsingCATest" time="8.203" classname="com.guru.testing.tests.UpgradeMemAllPayMethods"/>
  <testcase name="upgradeUsingCCTest" time="4.524" classname="com.guru.testing.tests.UpgradeMemAllPayMethods"/>
  <testcase name="addCCTest" time="25.035" classname="com.guru.testing.tests.UpgradeMemAllPayMethods"/>
  <testcase name="payUsingCCTest" time="3.489" classname="com.guru.testing.tests.UpgradeMemAllPayMethods"/>
  <testcase name="upgradeUsingPaypalTest" time="4.557" classname="com.guru.testing.tests.UpgradeMemAllPayMethods"/>
  <testcase name="selectAddPaypalTest" time="11.459" classname="com.guru.testing.tests.UpgradeMemAllPayMethods"/>
  <testcase name="finishPaypalAdditionTest" time="67.299" classname="com.guru.testing.tests.UpgradeMemAllPayMethods"/>
  <testcase name="payUsingPaypalTest" time="19.543" classname="com.guru.testing.tests.UpgradeMemAllPayMethods"/>
  <testcase name="verifyPaypalPaySuccessTest" time="10.275" classname="com.guru.testing.tests.UpgradeMemAllPayMethods"/>
  <testcase name="verifyMembershipUpgradedTest" time="5.662" classname="com.guru.testing.tests.UpgradeMemAllPayMethods"/>
  <testcase name="logoutUserTest" time="7.121" classname="com.guru.testing.tests.UpgradeMemAllPayMethods"/>
  <testcase name="goToAdminSiteTest" time="2.32" classname="com.guru.testing.tests.UpgradeMemAllPayMethods"/>
  <testcase name="goToAdminCRMTest" time="22.218" classname="com.guru.testing.tests.UpgradeMemAllPayMethods"/>
  <testcase name="downgradeMembershipTest" time="3.28" classname="com.guru.testing.tests.UpgradeMemAllPayMethods"/>
  <testcase name="verifyMembershipResetTest" time="7.54" classname="com.guru.testing.tests.UpgradeMemAllPayMethods"/>
  <testcase name="navigateToMembershipPageTest" time="3.75" classname="com.guru.testing.tests.UpgradeMemAllPayMethods"/>
  <testcase name="payUsingAddedCCTest" time="13.596" classname="com.guru.testing.tests.UpgradeMemAllPayMethods"/>
  <testcase name="completeAddedCCPaymentTest" time="4.253" classname="com.guru.testing.tests.UpgradeMemAllPayMethods"/>
  <testcase name="upgradeUsingAddedPaypalTest" time="4.71" classname="com.guru.testing.tests.UpgradeMemAllPayMethods"/>
  <testcase name="payUsingAddedPaypalTest" time="11.78" classname="com.guru.testing.tests.UpgradeMemAllPayMethods"/>
  <testcase name="completeAddedPaypalPaymentTest" time="8.151" classname="com.guru.testing.tests.UpgradeMemAllPayMethods"/>
  <testcase name="verifyUpgradedMembershipTest" time="4.851" classname="com.guru.testing.tests.UpgradeMemAllPayMethods"/>
  <testcase name="removePaymentMethodsTest" time="23.605" classname="com.guru.testing.tests.UpgradeMemAllPayMethods"/>
  <testcase name="signOutUserTest" time="8.804" classname="com.guru.testing.tests.UpgradeMemAllPayMethods"/>
  <testcase name="navigateToAdminSiteTest" time="70.829" classname="com.guru.testing.tests.UpgradeMemAllPayMethods"/>
  <testcase name="downgradeUserMembershipTest" time="2.808" classname="com.guru.testing.tests.UpgradeMemAllPayMethods"/>
  <testcase name="verifyMembershipDowngradedTest" time="8.276" classname="com.guru.testing.tests.UpgradeMemAllPayMethods"/>
</testsuite> <!-- Upgrading Membership -->
