<?xml version="1.0" encoding="UTF-8"?>
<!-- Generated by org.testng.reporters.JUnitXMLReporter -->
<testsuite hostname="AKSHI-PC" name="1. Login as Employer. And click first active workroom." tests="11" failures="0" timestamp="30 May 2017 10:17:36 GMT" time="62.492" errors="0">
  <testcase name="navigateToUrlTest" time="10.111" classname="com.guru.testing.page.LaunchApplicationPageTest"/>
  <testcase name="verifyLoginPageTest" time="0.418" classname="com.guru.testing.page.LoginPageTest"/>
  <testcase name="enterEmailOrUsernameTest" time="0.103" classname="com.guru.testing.page.LoginPageTest"/>
  <testcase name="enterPasswordTest" time="0.099" classname="com.guru.testing.page.LoginPageTest"/>
  <testcase name="clickSignInButtonTest" time="0.049" classname="com.guru.testing.page.LoginPageTest"/>
  <testcase name="validateSecurityQuestionsPageTest" time="14.346" classname="com.guru.testing.page.SecurityQuestionsPageTest"/>
  <testcase name="verifyPhoneVerificationPageTest" time="10.228" classname="com.guru.testing.page.PhoneVerificationPageTest"/>
  <testcase name="verifySkipThisForNowLinkTest" time="10.246" classname="com.guru.testing.page.PhoneVerificationPageTest"/>
  <testcase name="verifyEMPDashboardPageTest" time="0.241" classname="com.guru.testing.page.DashboardPageTest"/>
  <testcase name="clickEMPWorkroomByIndexTest" time="3.269" classname="com.guru.testing.page.DashboardPageTest"/>
  <testcase name="verifyEMPStatusUpdatesTabTest" time="1.954" classname="com.guru.testing.page.WorkroomPageTest"/>
</testsuite> <!-- 1. Login as Employer. And click first active workroom. -->
