<?xml version="1.0" encoding="UTF-8"?>
<!-- Generated by org.testng.reporters.JUnitXMLReporter -->
<testsuite hostname="AKSHI-PC" name="2. Go to Invoices tab, and click on View and Pay. 10 dollars from CA, and remaining from Safepay" tests="13" failures="0" timestamp="15 Jun 2017 12:33:22 GMT" time="29.113" errors="0">
  <testcase name="verifyInvoicePageTest" time="0.376" classname="com.guru.testing.page.InvoicePageTest"/>
  <testcase name="clickFirstUnpaidInvTest" time="0.098" classname="com.guru.testing.page.InvoicePageTest"/>
  <testcase name="verifyInvoiceDetailsTest" time="2.226" classname="com.guru.testing.page.InvoicePageTest"/>
  <testcase name="getInvoiceTotalAmountTest" time="0.027" classname="com.guru.testing.page.InvoicePageTest"/>
  <testcase name="clickPayInvoiceTest" time="4.325" classname="com.guru.testing.page.InvoicePageTest"/>
  <testcase name="verifyPayforInvoiceTest" time="0.789" classname="com.guru.testing.page.PayNowPageTest"/>
  <testcase name="verifyPaymentMethodTest" time="0.011" classname="com.guru.testing.page.PayNowPageTest"/>
  <testcase name="editSafePayFundsTest" time="0.255" classname="com.guru.testing.page.PayNowPageTest"/>
  <testcase name="clickUseCAfunds" time="5.148" classname="com.guru.testing.page.PayNowPageTest"/>
  <testcase name="selectAgreeToPayCheckboxTest" time="0.069" classname="com.guru.testing.page.PayNowPageTest"/>
  <testcase name="clickToPayTest" time="0.12" classname="com.guru.testing.page.PayNowPageTest"/>
  <testcase name="verifyInvoicePaidTest" time="7.169" classname="com.guru.testing.page.PayNowPageTest"/>
  <testcase name="clickBackToInvoiceTest" time="4.249" classname="com.guru.testing.page.PayNowPageTest"/>
</testsuite> <!-- 2. Go to Invoices tab, and click on View and Pay. 10 dollars from CA, and remaining from Safepay -->
