<?xml version="1.0" encoding="UTF-8"?>
<!-- Generated by org.testng.reporters.JUnitXMLReporter -->
<testsuite hostname="AKSHI-PC" name="3. Login as FL. Go to Find Jobs page." tests="16" failures="0" timestamp="16 Jun 2017 04:40:00 GMT" time="40.86" errors="0">
  <testcase name="verifyLoginPageTest" time="0.134" classname="com.guru.testing.page.LoginPageTest"/>
  <testcase name="enterEmailOrUsernameTest" time="0.134" classname="com.guru.testing.page.LoginPageTest"/>
  <testcase name="enterPasswordTest" time="0.093" classname="com.guru.testing.page.LoginPageTest"/>
  <testcase name="clickSignInButtonTest" time="3.372" classname="com.guru.testing.page.LoginPageTest"/>
  <testcase name="validateSecurityQuestionsPageTest" time="9.823" classname="com.guru.testing.page.SecurityQuestionsPageTest"/>
  <testcase name="verifyPhoneVerificationPageTest" time="5.117" classname="com.guru.testing.page.PhoneVerificationPageTest"/>
  <testcase name="verifySkipThisForNowLinkTest" time="5.107" classname="com.guru.testing.page.PhoneVerificationPageTest"/>
  <testcase name="verifyFLDashboardPageTest" time="0.173" classname="com.guru.testing.page.DashboardPageTest"/>
  <testcase name="launchTinyURLTest" time="7.508" classname="com.guru.testing.page.DashboardPageTest"/>
  <testcase name="verifyJobDetailsPageTest" time="1.301" classname="com.guru.testing.page.JobDetailsPageTest"/>
  <testcase name="clickApplyTest" time="0.052" classname="com.guru.testing.page.JobDetailsPageTest"/>
  <testcase name="verifyApplyQuotesFormTest" time="2.025" classname="com.guru.testing.page.JobDetailsPageTest"/>
  <testcase name="selectAgreementTypeTest" time="0.083" classname="com.guru.testing.page.JobDetailsPageTest"/>
  <testcase name="clickAcceptManuallyTest" time="0.049" classname="com.guru.testing.page.JobDetailsPageTest"/>
  <testcase name="clickToSubmitQuoteTest" time="0.064" classname="com.guru.testing.page.JobDetailsPageTest"/>
  <testcase name="verifyQuoteSubmittedTest" time="1.373" classname="com.guru.testing.page.JobDetailsPageTest"/>
</testsuite> <!-- 3. Login as FL. Go to Find Jobs page. -->
