<?xml version="1.0" encoding="UTF-8"?>
<!-- Generated by org.testng.reporters.JUnitXMLReporter -->
<testsuite hostname="AKSHI-PC" name="4. Login as EMP. And Hire the FL " tests="12" failures="0" timestamp="16 Jun 2017 04:40:54 GMT" time="46.972" errors="0">
  <testcase name="verifyLoginPageTest" time="0.126" classname="com.guru.testing.page.LoginPageTest"/>
  <testcase name="enterEmailOrUsernameTest" time="0.129" classname="com.guru.testing.page.LoginPageTest"/>
  <testcase name="enterPasswordTest" time="0.092" classname="com.guru.testing.page.LoginPageTest"/>
  <testcase name="clickSignInButtonTest" time="12.964" classname="com.guru.testing.page.LoginPageTest"/>
  <testcase name="validateSecurityQuestionsPageTest" time="5.102" classname="com.guru.testing.page.SecurityQuestionsPageTest"/>
  <testcase name="verifyPhoneVerificationPageTest" time="5.109" classname="com.guru.testing.page.PhoneVerificationPageTest"/>
  <testcase name="verifySkipThisForNowLinkTest" time="5.106" classname="com.guru.testing.page.PhoneVerificationPageTest"/>
  <testcase name="verifyEMPDashboardPageTest" time="0.198" classname="com.guru.testing.page.DashboardPageTest"/>
  <testcase name="clickRandomJobnamePostedTest" time="2.801" classname="com.guru.testing.page.DashboardPageTest"/>
  <testcase name="verifyQuotesPageTest" time="6.1" classname="com.guru.testing.page.HirePageTest"/>
  <testcase name="clickHireBtnTest" time="0.74" classname="com.guru.testing.page.HirePageTest"/>
  <testcase name="clickHireInHirePopupTest" time="5.151" classname="com.guru.testing.page.HirePageTest"/>
</testsuite> <!-- 4. Login as EMP. And Hire the FL  -->
