<?xml version="1.0" encoding="UTF-8"?>
<!-- Generated by org.testng.reporters.JUnitXMLReporter -->
<testsuite hostname="AKSHI-PC" name="5. Login as FL. Accept job on Dashboard. Fill agreement details" tests="12" failures="0" timestamp="16 Jun 2017 04:41:39 GMT" time="39.656" errors="0">
  <testcase name="verifyLoginPageTest" time="0.125" classname="com.guru.testing.page.LoginPageTest"/>
  <testcase name="enterEmailOrUsernameTest" time="0.133" classname="com.guru.testing.page.LoginPageTest"/>
  <testcase name="enterPasswordTest" time="0.093" classname="com.guru.testing.page.LoginPageTest"/>
  <testcase name="clickSignInButtonTest" time="3.582" classname="com.guru.testing.page.LoginPageTest"/>
  <testcase name="validateSecurityQuestionsPageTest" time="5.106" classname="com.guru.testing.page.SecurityQuestionsPageTest"/>
  <testcase name="verifyPhoneVerificationPageTest" time="5.102" classname="com.guru.testing.page.PhoneVerificationPageTest"/>
  <testcase name="verifySkipThisForNowLinkTest" time="5.104" classname="com.guru.testing.page.PhoneVerificationPageTest"/>
  <testcase name="verifyFLDashboardPageTest" time="0.174" classname="com.guru.testing.page.DashboardPageTest"/>
  <testcase name="clickAcceptRandomJobHireFLTest" time="0.135" classname="com.guru.testing.page.DashboardPageTest"/>
  <testcase name="verifyAgreementTabAfterPlaceholderTest" time="9.892" classname="com.guru.testing.page.WorkroomPageTest"/>
  <testcase name="selectBillEmployerByTest" time="5.181" classname="com.guru.testing.page.JobDetailsPageTest"/>
  <testcase name="enterMilestonesTest" time="1.656" classname="com.guru.testing.page.JobDetailsPageTest"/>
</testsuite> <!-- 5. Login as FL. Accept job on Dashboard. Fill agreement details -->
