<?xml version="1.0" encoding="UTF-8"?>
<!-- Generated by org.testng.reporters.JUnitXMLReporter -->
<testsuite hostname="AKSHI-PC" name="8. Click on Agreement Pending, and verify &#039;Accept&#039; and &#039;Decline&#039; buttons are shown. Click Accept, and accept the agreement." tests="6" failures="0" timestamp="16 Jun 2017 04:42:30 GMT" time="16.26" errors="0">
  <testcase name="clickAgreementPendingAlertTest" time="3.943" classname="com.guru.testing.page.DashboardPageTest"/>
  <testcase name="verifyAgreementTabEMPTest" time="3.838" classname="com.guru.testing.page.WorkroomPageTest"/>
  <testcase name="verifyAcceptDeclineBtnTest" time="0.058" classname="com.guru.testing.page.WorkroomPageTest"/>
  <testcase name="clickAcceptTest" time="0.455" classname="com.guru.testing.page.WorkroomPageTest"/>
  <testcase name="clickTermsCheckboxTest" time="0.055" classname="com.guru.testing.page.WorkroomPageTest"/>
  <testcase name="clickAcceptAgreementTest" time="6.164" classname="com.guru.testing.page.WorkroomPageTest"/>
</testsuite> <!-- 8. Click on Agreement Pending, and verify 'Accept' and 'Decline' buttons are shown. Click Accept, and accept the agreement. -->
