<?xml version="1.0" encoding="UTF-8"?>
<!-- Generated by org.testng.reporters.JUnitXMLReporter -->
<testsuite hostname="AKSHI-PC" name="9. Login as FL, and click on the Job link, and go to Workroom. Navigate to Agreement and Click on Edit. Click Cancel." tests="15" failures="0" timestamp="16 Jun 2017 04:43:07 GMT" time="31.01" errors="0">
  <testcase name="verifyLoginPageTest" time="0.13" classname="com.guru.testing.page.LoginPageTest"/>
  <testcase name="enterEmailOrUsernameTest" time="0.112" classname="com.guru.testing.page.LoginPageTest"/>
  <testcase name="enterPasswordTest" time="0.089" classname="com.guru.testing.page.LoginPageTest"/>
  <testcase name="clickSignInButtonTest" time="3.3" classname="com.guru.testing.page.LoginPageTest"/>
  <testcase name="validateSecurityQuestionsPageTest" time="5.105" classname="com.guru.testing.page.SecurityQuestionsPageTest"/>
  <testcase name="verifyPhoneVerificationPageTest" time="5.109" classname="com.guru.testing.page.PhoneVerificationPageTest"/>
  <testcase name="verifySkipThisForNowLinkTest" time="5.098" classname="com.guru.testing.page.PhoneVerificationPageTest"/>
  <testcase name="verifyFLDashboardPageTest" time="0.172" classname="com.guru.testing.page.DashboardPageTest"/>
  <testcase name="clickHiredRandomJobFLTest" time="2.536" classname="com.guru.testing.page.DashboardPageTest"/>
  <testcase name="verifyFLStatusUpdatesTabTest" time="1.401" classname="com.guru.testing.page.WorkroomPageTest"/>
  <testcase name="clickAgreementTabTest" time="0.056" classname="com.guru.testing.page.WorkroomPageTest"/>
  <testcase name="verifyAgreementTabFLTest" time="1.619" classname="com.guru.testing.page.WorkroomPageTest"/>
  <testcase name="clickEditTest" time="0.098" classname="com.guru.testing.page.WorkroomPageTest"/>
  <testcase name="verifyEditAgreePopupTest" time="0.067" classname="com.guru.testing.page.WorkroomPageTest"/>
  <testcase name="clickCancelEditTest" time="2.056" classname="com.guru.testing.page.WorkroomPageTest"/>
</testsuite> <!-- 9. Login as FL, and click on the Job link, and go to Workroom. Navigate to Agreement and Click on Edit. Click Cancel. -->
