<?xml version="1.0" encoding="UTF-8"?>
<!-- Generated by org.testng.reporters.JUnitXMLReporter -->
<testsuite hostname="AKSHI-PC" name="1. Login as Employer. And click &#039;Post a Job&#039;." tests="10" failures="0" timestamp="16 Jun 2017 04:46:08 GMT" time="53.891" errors="0">
  <testcase name="navigateToUrlTest" time="4.198" classname="com.guru.testing.page.LaunchApplicationPageTest"/>
  <testcase name="verifyLoginPageTest" time="0.148" classname="com.guru.testing.page.LoginPageTest"/>
  <testcase name="enterEmailOrUsernameTest" time="0.115" classname="com.guru.testing.page.LoginPageTest"/>
  <testcase name="enterPasswordTest" time="0.093" classname="com.guru.testing.page.LoginPageTest"/>
  <testcase name="clickSignInButtonTest" time="20.463" classname="com.guru.testing.page.LoginPageTest"/>
  <testcase name="validateSecurityQuestionsPageTest" time="9.712" classname="com.guru.testing.page.SecurityQuestionsPageTest"/>
  <testcase name="verifyPhoneVerificationPageTest" time="5.159" classname="com.guru.testing.page.PhoneVerificationPageTest"/>
  <testcase name="verifySkipThisForNowLinkTest" time="5.135" classname="com.guru.testing.page.PhoneVerificationPageTest"/>
  <testcase name="verifyEMPDashboardPageTest" time="0.249" classname="com.guru.testing.page.DashboardPageTest"/>
  <testcase name="clickPostAJobTopNavTest" time="3.506" classname="com.guru.testing.page.DashboardPageTest"/>
</testsuite> <!-- 1. Login as Employer. And click 'Post a Job'. -->
