<?xml version="1.0" encoding="UTF-8"?>
<!-- Generated by org.testng.reporters.JUnitXMLReporter -->
<testsuite hostname="AKSHI-PC" name="2. Post a featured job." tests="20" failures="0" timestamp="16 Jun 2017 04:47:28 GMT" time="79.861" errors="0">
  <testcase name="verifyPostAJobPageTest" time="0.936" classname="com.guru.testing.page.PostAJobPageTest"/>
  <testcase name="enterRandomJobTitleTest" time="0.292" classname="com.guru.testing.page.PostAJobPageTest"/>
  <testcase name="enterJobDescriptionTest" time="6.536" classname="com.guru.testing.page.PostAJobPageTest"/>
  <testcase name="clickWebCategoryTest" time="0.119" classname="com.guru.testing.page.PostAJobPageTest"/>
  <testcase name="enterKeywordsTest" time="11.018" classname="com.guru.testing.page.PostAJobPageTest"/>
  <testcase name="clickCountryRadioButtonTest" time="0.099" classname="com.guru.testing.page.PostAJobPageTest"/>
  <testcase name="enterCountryNameTest" time="5.346" classname="com.guru.testing.page.PostAJobPageTest"/>
  <testcase name="selectFixedPriceBudgetTest" time="0.163" classname="com.guru.testing.page.PostAJobPageTest"/>
  <testcase name="clickFeatureMyJobTest" time="0.062" classname="com.guru.testing.page.PostAJobPageTest"/>
  <testcase name="clickPostJobButtonTest" time="15.749" classname="com.guru.testing.page.PostAJobPageTest"/>
  <testcase name="verifyPayForFeaturingJobTest" time="1.032" classname="com.guru.testing.page.PayNowPageTest"/>
  <testcase name="verifyPaymentMethodTest" time="0.197" classname="com.guru.testing.page.PayNowPageTest"/>
  <testcase name="selectAgreeToPayCheckboxTest" time="0.091" classname="com.guru.testing.page.PayNowPageTest"/>
  <testcase name="clickToPayTest" time="0.105" classname="com.guru.testing.page.PayNowPageTest"/>
  <testcase name="verifyJobPostedTest" time="9.961" classname="com.guru.testing.page.PayNowPageTest"/>
  <testcase name="clickDashboardTopNavTest" time="2.409" classname="com.guru.testing.page.DashboardPageTest"/>
  <testcase name="verifyEMPDashboardPageTest" time="0.203" classname="com.guru.testing.page.DashboardPageTest"/>
  <testcase name="clickRandomJobnamePostedTest" time="6.727" classname="com.guru.testing.page.DashboardPageTest"/>
  <testcase name="verifyQuotesPageTest" time="5.447" classname="com.guru.testing.page.HirePageTest"/>
  <testcase name="getTinyURLTest" time="13.351" classname="com.guru.testing.page.HirePageTest"/>
</testsuite> <!-- 2. Post a featured job. -->
