<?xml version="1.0" encoding="UTF-8"?>
<!-- Generated by org.testng.reporters.JUnitXMLReporter -->
<testsuite hostname="AKSHI-PC" name="4. Login as EMP. And Hire the FL. go to Workroom, and verify navigation tabs in it. Go to File folder, and added file(s) " tests="22" failures="0" timestamp="16 Jun 2017 04:49:58 GMT" time="87.297" errors="0">
  <testcase name="verifyLoginPageTest" time="0.129" classname="com.guru.testing.page.LoginPageTest"/>
  <testcase name="enterEmailOrUsernameTest" time="0.121" classname="com.guru.testing.page.LoginPageTest"/>
  <testcase name="enterPasswordTest" time="0.091" classname="com.guru.testing.page.LoginPageTest"/>
  <testcase name="clickSignInButtonTest" time="10.014" classname="com.guru.testing.page.LoginPageTest"/>
  <testcase name="validateSecurityQuestionsPageTest" time="5.102" classname="com.guru.testing.page.SecurityQuestionsPageTest"/>
  <testcase name="verifyPhoneVerificationPageTest" time="5.118" classname="com.guru.testing.page.PhoneVerificationPageTest"/>
  <testcase name="verifySkipThisForNowLinkTest" time="5.119" classname="com.guru.testing.page.PhoneVerificationPageTest"/>
  <testcase name="verifyEMPDashboardPageTest" time="0.267" classname="com.guru.testing.page.DashboardPageTest"/>
  <testcase name="clickRandomJobnamePostedTest" time="2.951" classname="com.guru.testing.page.DashboardPageTest"/>
  <testcase name="verifyQuotesPageTest" time="5.692" classname="com.guru.testing.page.HirePageTest"/>
  <testcase name="clickHireBtnTest" time="0.518" classname="com.guru.testing.page.HirePageTest"/>
  <testcase name="selectAgreementAckCheckboxTest" time="0.071" classname="com.guru.testing.page.HirePageTest"/>
  <testcase name="clickHireInHirePopupTest" time="6.381" classname="com.guru.testing.page.HirePageTest"/>
  <testcase name="clickWorkRoomLinkTest" time="8.095" classname="com.guru.testing.page.HirePageTest"/>
  <testcase name="verifyEMPStatusUpdatesTabTest" time="5.226" classname="com.guru.testing.page.WorkroomPageTest"/>
  <testcase name="clickFileFoldersEMPTest" time="3.065" classname="com.guru.testing.page.WorkroomPageTest"/>
  <testcase name="verifyFileFoldersTest" time="0.844" classname="com.guru.testing.page.WorkroomPageTest"/>
  <testcase name="clickAddFilesFFTest" time="0.405" classname="com.guru.testing.page.WorkroomPageTest"/>
  <testcase name="clickSelectFilesTest" time="0.08" classname="com.guru.testing.page.WorkroomPageTest"/>
  <testcase name="uploadFileTest" time="17.701" classname="com.guru.testing.page.WorkroomPageTest"/>
  <testcase name="clickFinishedTest" time="10.196" classname="com.guru.testing.page.WorkroomPageTest"/>
  <testcase name="verifyFileAddedPublicFFTest" time="0.089" classname="com.guru.testing.page.WorkroomPageTest"/>
</testsuite> <!-- 4. Login as EMP. And Hire the FL. go to Workroom, and verify navigation tabs in it. Go to File folder, and added file(s)  -->
