<?xml version="1.0" encoding="UTF-8"?>
<!-- Generated by org.testng.reporters.JUnitXMLReporter -->
<testsuite hostname="AKSHI-PC" name="Adding Employer Payment Methods" tests="10" failures="0" timestamp="14 Jun 2017 06:43:59 GMT" time="350.626" errors="0">
  <testcase name="navigateToUrlTest" time="3.77" classname="com.guru.testing.tests.LaunchApplication"/>
  <testcase name="verifyAdminLoginPageTest" time="0.13" classname="com.guru.testing.tests.AdminLogin"/>
  <testcase name="enterUsernamePasswordTest" time="0.138" classname="com.guru.testing.tests.AdminLogin"/>
  <testcase name="clickLoginTest" time="5.464" classname="com.guru.testing.tests.AdminLogin"/>
  <testcase name="goToCreateNewUsersTest" time="4.664" classname="com.guru.testing.tests.CreateNewEMP"/>
  <testcase name="createEMPUserTest" time="8.572" classname="com.guru.testing.tests.CreateNewEMP"/>
  <testcase name="goToAccountTest" time="10.537" classname="com.guru.testing.tests.CreateNewEMP"/>
  <testcase name="goToEMPDashboard" time="6.749" classname="com.guru.testing.tests.CreateNewEMP"/>
  <testcase name="goToEMPPaymentsTest" time="17.343" classname="com.guru.testing.tests.AddAllEMPPaymentMethods"/>
  <testcase name="addBankAccountEMPTest" time="288.452" classname="com.guru.testing.tests.AddAllEMPPaymentMethods"/>
</testsuite> <!-- Adding Employer Payment Methods -->
