<?xml version="1.0" encoding="UTF-8"?>
<!-- Generated by org.testng.reporters.JUnitXMLReporter -->
<testsuite hostname="AKSHI-PC" name="1. Login as Employer." tests="9" failures="0" timestamp="15 Jun 2017 12:14:37 GMT" time="70.785" errors="0">
  <testcase name="navigateToUrlTest" time="7.404" classname="com.guru.testing.page.LaunchApplicationPageTest"/>
  <testcase name="verifyLoginPageTest" time="0.192" classname="com.guru.testing.page.LoginPageTest"/>
  <testcase name="enterEmailOrUsernameTest" time="0.132" classname="com.guru.testing.page.LoginPageTest"/>
  <testcase name="enterPasswordTest" time="0.101" classname="com.guru.testing.page.LoginPageTest"/>
  <testcase name="clickSignInButtonTest" time="6.893" classname="com.guru.testing.page.LoginPageTest"/>
  <testcase name="validateSecurityQuestionsPageTest" time="19.789" classname="com.guru.testing.page.SecurityQuestionsPageTest"/>
  <testcase name="verifyPhoneVerificationPageTest" time="15.265" classname="com.guru.testing.page.PhoneVerificationPageTest"/>
  <testcase name="verifySkipThisForNowLinkTest" time="15.255" classname="com.guru.testing.page.PhoneVerificationPageTest"/>
  <testcase name="verifyEMPDashboardPageTest" time="0.254" classname="com.guru.testing.page.DashboardPageTest"/>
</testsuite> <!-- 1. Login as Employer. -->
