<?xml version="1.0" encoding="UTF-8"?>
<!-- Generated by org.testng.reporters.JUnitXMLReporter -->
<testsuite hostname="AKSHI-PC" name="10. Send message from Safepay tab in hired job workroom." tests="6" failures="0" timestamp="15 Jun 2017 12:25:42 GMT" time="34.185" errors="0">
  <testcase name="enterMessageTest" time="2.484" classname="com.guru.testing.page.WorkroomPageTest"/>
  <testcase name="clickAttachFilesTest" time="0.134" classname="com.guru.testing.page.WorkroomPageTest"/>
  <testcase name="clickSelectFilesTest" time="0.087" classname="com.guru.testing.page.WorkroomPageTest"/>
  <testcase name="uploadFileTest" time="16.191" classname="com.guru.testing.page.WorkroomPageTest"/>
  <testcase name="clickFinishedTest" time="10.156" classname="com.guru.testing.page.WorkroomPageTest"/>
  <testcase name="clickSendMessageTest" time="5.128" classname="com.guru.testing.page.WorkroomPageTest"/>
</testsuite> <!-- 10. Send message from Safepay tab in hired job workroom. -->
