<?xml version="1.0" encoding="UTF-8"?>
<!-- Generated by org.testng.reporters.JUnitXMLReporter -->
<testsuite hostname="AKSHI-PC" name="2. Navigate to the quotes page of the Job with multiple quotes, and make an announcement." tests="5" failures="0" timestamp="15 Jun 2017 12:15:01 GMT" time="23.694" errors="0">
  <testcase name="clickJobUnderQuotesTest" time="6.648" classname="com.guru.testing.page.DashboardPageTest"/>
  <testcase name="verifyQuotesPageTest" time="5.63" classname="com.guru.testing.page.HirePageTest"/>
  <testcase name="clickMakeAnnouncementLinkTest" time="1.272" classname="com.guru.testing.page.HirePageTest"/>
  <testcase name="enterAnnouncementTest" time="0.328" classname="com.guru.testing.page.HirePageTest"/>
  <testcase name="clickMakeAnnouncementBtnTest" time="9.81" classname="com.guru.testing.page.HirePageTest"/>
</testsuite> <!-- 2. Navigate to the quotes page of the Job with multiple quotes, and make an announcement. -->
