<?xml version="1.0" encoding="UTF-8"?>
<!-- Generated by org.testng.reporters.JUnitXMLReporter -->
<testsuite hostname="AKSHI-PC" name="2.25. Go back to Dashboard" tests="2" failures="0" timestamp="15 Jun 2017 12:15:04 GMT" time="3.248" errors="0">
  <testcase name="clickDashboardTopNavTest" time="3.011" classname="com.guru.testing.page.DashboardPageTest"/>
  <testcase name="verifyEMPDashboardPageTest" time="0.235" classname="com.guru.testing.page.DashboardPageTest"/>
</testsuite> <!-- 2.25. Go back to Dashboard -->
