<?xml version="1.0" encoding="UTF-8"?>
<!-- Generated by org.testng.reporters.JUnitXMLReporter -->
<testsuite hostname="AKSHI-PC" name="2.75. Enter Random message from the Workroom bulk message section, and verify it in a FL&#039;s message thread." tests="10" failures="0" timestamp="15 Jun 2017 12:16:54 GMT" time="42.884" errors="0">
  <testcase name="enterRandomMessageTest" time="2.27" classname="com.guru.testing.page.WorkroomPageTest"/>
  <testcase name="clickAttachFilesTest" time="0.185" classname="com.guru.testing.page.WorkroomPageTest"/>
  <testcase name="clickSelectFilesTest" time="0.104" classname="com.guru.testing.page.WorkroomPageTest"/>
  <testcase name="uploadFileTest" time="14.421" classname="com.guru.testing.page.WorkroomPageTest"/>
  <testcase name="clickFinishedTest" time="10.17" classname="com.guru.testing.page.WorkroomPageTest"/>
  <testcase name="clickSendMessageTest" time="5.116" classname="com.guru.testing.page.WorkroomPageTest"/>
  <testcase name="verifyMessageSentTest" time="7.666" classname="com.guru.testing.page.WorkroomPageTest"/>
  <testcase name="clickAGuruByIndexTest" time="0.092" classname="com.guru.testing.page.WorkroomPageTest"/>
  <testcase name="verifyEMPStatusUpdatesTabTest" time="1.026" classname="com.guru.testing.page.WorkroomPageTest"/>
  <testcase name="verifyRandomMessageInThreadTest" time="1.824" classname="com.guru.testing.page.WorkroomPageTest"/>
</testsuite> <!-- 2.75. Enter Random message from the Workroom bulk message section, and verify it in a FL's message thread. -->
