<?xml version="1.0" encoding="UTF-8"?>
<!-- Generated by org.testng.reporters.JUnitXMLReporter -->
<testsuite hostname="AKSHI-PC" name="3. Navigate back to the Dashboard, and go to job where FL is hired." tests="14" failures="0" timestamp="15 Jun 2017 12:17:43 GMT" time="49.221" errors="0">
  <testcase name="clickDashboardTopNavTest" time="2.434" classname="com.guru.testing.page.DashboardPageTest"/>
  <testcase name="verifyEMPDashboardPageTest" time="0.236" classname="com.guru.testing.page.DashboardPageTest"/>
  <testcase name="clickJobUnderQuotesTest" time="3.241" classname="com.guru.testing.page.DashboardPageTest"/>
  <testcase name="verifyQuotesPageTest" time="5.31" classname="com.guru.testing.page.HirePageTest"/>
  <testcase name="clickAQuoteByIndexTest" time="0.088" classname="com.guru.testing.page.HirePageTest"/>
  <testcase name="verifyHiredQuoteOpenedTest" time="1.343" classname="com.guru.testing.page.HirePageTest"/>
  <testcase name="enterMessageTest" time="2.469" classname="com.guru.testing.page.HirePageTest"/>
  <testcase name="clickAttachFilesTest" time="0.187" classname="com.guru.testing.page.HirePageTest"/>
  <testcase name="clickSelectFilesTest" time="0.107" classname="com.guru.testing.page.HirePageTest"/>
  <testcase name="uploadFileTest" time="17.387" classname="com.guru.testing.page.HirePageTest"/>
  <testcase name="clickFinishedTest" time="5.153" classname="com.guru.testing.page.HirePageTest"/>
  <testcase name="clickSendMessageTest" time="5.085" classname="com.guru.testing.page.HirePageTest"/>
  <testcase name="clickBackInOpenedQuoteTest" time="0.799" classname="com.guru.testing.page.HirePageTest"/>
  <testcase name="clickWorkRoomLinkTest" time="5.364" classname="com.guru.testing.page.HirePageTest"/>
</testsuite> <!-- 3. Navigate back to the Dashboard, and go to job where FL is hired. -->
