<?xml version="1.0" encoding="UTF-8"?>
<!-- Generated by org.testng.reporters.JUnitXMLReporter -->
<testsuite hostname="AKSHI-PC" name="3.5. Navigate to EMP side Workroom, and verify character limit, with a valid file attachment." tests="8" failures="0" timestamp="15 Jun 2017 12:18:38 GMT" time="54.188" errors="0">
  <testcase name="verifyEMPStatusUpdatesTabTest" time="1.561" classname="com.guru.testing.page.WorkroomPageTest"/>
  <testcase name="enterMessageTest" time="22.598" classname="com.guru.testing.page.WorkroomPageTest"/>
  <testcase name="verifyMsgCharLimitTest" time="0.033" classname="com.guru.testing.page.WorkroomPageTest"/>
  <testcase name="clickAttachFilesTest" time="0.182" classname="com.guru.testing.page.WorkroomPageTest"/>
  <testcase name="clickSelectFilesTest" time="0.098" classname="com.guru.testing.page.WorkroomPageTest"/>
  <testcase name="uploadFileTest" time="14.437" classname="com.guru.testing.page.WorkroomPageTest"/>
  <testcase name="clickFinishedTest" time="10.159" classname="com.guru.testing.page.WorkroomPageTest"/>
  <testcase name="clickSendMessageTest" time="5.115" classname="com.guru.testing.page.WorkroomPageTest"/>
</testsuite> <!-- 3.5. Navigate to EMP side Workroom, and verify character limit, with a valid file attachment. -->
