<?xml version="1.0" encoding="UTF-8"?>
<!-- Generated by org.testng.reporters.JUnitXMLReporter -->
<testsuite hostname="AKSHI-PC" name="4. Check that maximum file size limit is 25 MB; " tests="7" failures="1" timestamp="15 Jun 2017 12:19:16 GMT" time="38.712" errors="0">
  <testcase name="clickAttachFilesTest" time="0.108" classname="com.guru.testing.page.WorkroomPageTest"/>
  <testcase name="clickSelectFilesTest" time="0.095" classname="com.guru.testing.page.WorkroomPageTest"/>
  <testcase name="uploadFileTest" time="24.008" classname="com.guru.testing.page.WorkroomPageTest">
    <failure type="com.guru.framework.testing.objects.exceptions.ScriptException" message="Automated Script Exception-Please check error log">
      <![CDATA[com.guru.framework.testing.objects.exceptions.ScriptException: Automated Script Exception-Please check error log
	at com.guru.testing.page.WorkroomPageTest.uploadFileTest(WorkroomPageTest.java:1121)
... Removed 24 stack frames]]>
    </failure>
  </testcase> <!-- uploadFileTest -->
  <testcase name="verifyMaxSizeLimitErrorTest" time="0.035" classname="com.guru.testing.page.WorkroomPageTest"/>
  <testcase name="clickFinishedTest" time="10.118" classname="com.guru.testing.page.WorkroomPageTest"/>
  <testcase name="clickAgreementTabEMPTest" time="0.117" classname="com.guru.testing.page.WorkroomPageTest"/>
  <testcase name="verifyAgreementTabEMPTest" time="1.936" classname="com.guru.testing.page.WorkroomPageTest"/>
</testsuite> <!-- 4. Check that maximum file size limit is 25 MB;  -->
