<?xml version="1.0" encoding="UTF-8"?>
<!-- Generated by org.testng.reporters.JUnitXMLReporter -->
<testsuite hostname="AKSHI-PC" name="4.5 Send Message and file through EMP side Safepay tab." tests="6" failures="0" timestamp="15 Jun 2017 12:20:25 GMT" time="33.83" errors="0">
  <testcase name="enterMessageTest" time="2.649" classname="com.guru.testing.page.WorkroomPageTest"/>
  <testcase name="clickAttachFilesTest" time="0.17" classname="com.guru.testing.page.WorkroomPageTest"/>
  <testcase name="clickSelectFilesTest" time="0.091" classname="com.guru.testing.page.WorkroomPageTest"/>
  <testcase name="uploadFileTest" time="15.63" classname="com.guru.testing.page.WorkroomPageTest"/>
  <testcase name="clickFinishedTest" time="10.183" classname="com.guru.testing.page.WorkroomPageTest"/>
  <testcase name="clickSendMessageTest" time="5.103" classname="com.guru.testing.page.WorkroomPageTest"/>
</testsuite> <!-- 4.5 Send Message and file through EMP side Safepay tab. -->
