<?xml version="1.0" encoding="UTF-8"?>
<!-- Generated by org.testng.reporters.JUnitXMLReporter -->
<testsuite hostname="AKSHI-PC" name="8. Login as Employer. Check the count of unread messages increased by 1." tests="10" failures="0" timestamp="15 Jun 2017 12:23:36 GMT" time="59.382" errors="0">
  <testcase name="enterEmailOrUsernameTest" time="0.122" classname="com.guru.testing.page.LoginPageTest"/>
  <testcase name="enterPasswordTest" time="0.108" classname="com.guru.testing.page.LoginPageTest"/>
  <testcase name="clickSignInButtonTest" time="3.35" classname="com.guru.testing.page.LoginPageTest"/>
  <testcase name="validateSecurityQuestionsPageTest" time="18.943" classname="com.guru.testing.page.SecurityQuestionsPageTest"/>
  <testcase name="verifyPhoneVerificationPageTest" time="15.194" classname="com.guru.testing.page.PhoneVerificationPageTest"/>
  <testcase name="verifySkipThisForNowLinkTest" time="15.202" classname="com.guru.testing.page.PhoneVerificationPageTest"/>
  <testcase name="verifyEMPDashboardPageTest" time="0.234" classname="com.guru.testing.page.DashboardPageTest"/>
  <testcase name="getMsgsCountAfterTest" time="0.056" classname="com.guru.testing.page.DashboardPageTest"/>
  <testcase name="verifyCountIncreasedTest" time="0.0" classname="com.guru.testing.page.DashboardPageTest"/>
  <testcase name="signOutEmployerTest" time="6.162" classname="com.guru.testing.page.DashboardPageTest"/>
</testsuite> <!-- 8. Login as Employer. Check the count of unread messages increased by 1. -->
