<?xml version="1.0" encoding="UTF-8"?>
<!-- Generated by org.testng.reporters.JUnitXMLReporter -->
<testsuite hostname="AKSHI-PC" name="9. Login as FL, and send message from Agreement tab in hired job workroom." tests="21" failures="0" timestamp="15 Jun 2017 12:25:08 GMT" time="91.393" errors="0">
  <testcase name="verifyLoginPageTest" time="0.153" classname="com.guru.testing.page.LoginPageTest"/>
  <testcase name="enterEmailOrUsernameTest" time="0.121" classname="com.guru.testing.page.LoginPageTest"/>
  <testcase name="enterPasswordTest" time="0.099" classname="com.guru.testing.page.LoginPageTest"/>
  <testcase name="clickSignInButtonTest" time="3.506" classname="com.guru.testing.page.LoginPageTest"/>
  <testcase name="validateSecurityQuestionsPageTest" time="15.204" classname="com.guru.testing.page.SecurityQuestionsPageTest"/>
  <testcase name="verifyPhoneVerificationPageTest" time="15.204" classname="com.guru.testing.page.PhoneVerificationPageTest"/>
  <testcase name="verifySkipThisForNowLinkTest" time="15.192" classname="com.guru.testing.page.PhoneVerificationPageTest"/>
  <testcase name="verifyFLDashboardPageTest" time="0.183" classname="com.guru.testing.page.DashboardPageTest"/>
  <testcase name="clickJobsTabTest" time="2.511" classname="com.guru.testing.page.DashboardPageTest"/>
  <testcase name="verifyJobsPageTest" time="0.057" classname="com.guru.testing.page.JobsPageTest"/>
  <testcase name="clickJobByNameTest" time="2.479" classname="com.guru.testing.page.JobsPageTest"/>
  <testcase name="clickAgreementTabTest" time="0.075" classname="com.guru.testing.page.WorkroomPageTest"/>
  <testcase name="verifyAgreementTabFLTest" time="1.365" classname="com.guru.testing.page.WorkroomPageTest"/>
  <testcase name="enterMessageTest" time="2.558" classname="com.guru.testing.page.WorkroomPageTest"/>
  <testcase name="clickAttachFilesTest" time="0.472" classname="com.guru.testing.page.WorkroomPageTest"/>
  <testcase name="clickSelectFilesTest" time="0.1" classname="com.guru.testing.page.WorkroomPageTest"/>
  <testcase name="uploadFileTest" time="15.541" classname="com.guru.testing.page.WorkroomPageTest"/>
  <testcase name="clickFinishedTest" time="10.168" classname="com.guru.testing.page.WorkroomPageTest"/>
  <testcase name="clickSendMessageTest" time="5.155" classname="com.guru.testing.page.WorkroomPageTest"/>
  <testcase name="clickSafePayTabTest" time="0.078" classname="com.guru.testing.page.WorkroomPageTest"/>
  <testcase name="verifyFLSafePayTabTest" time="1.159" classname="com.guru.testing.page.WorkroomPageTest"/>
</testsuite> <!-- 9. Login as FL, and send message from Agreement tab in hired job workroom. -->
