<?xml version="1.0" encoding="UTF-8"?>
<!-- Generated by org.testng.reporters.JUnitXMLReporter -->
<testsuite hostname="AKSHI-PC" name="Default test" tests="10" failures="0" timestamp="1 Jun 2017 05:56:21 GMT" time="0.029" errors="0">
  <testcase name="launch" time="0.003" classname="com.guru.testing.page.TestBuyingBids">
    <skipped/>
  </testcase> <!-- launch -->
  <testcase name="login" time="0.001" classname="com.guru.testing.page.TestBuyingBids">
    <skipped/>
  </testcase> <!-- login -->
  <testcase name="security" time="0.0" classname="com.guru.testing.page.TestBuyingBids">
    <skipped/>
  </testcase> <!-- security -->
  <testcase name="phone" time="0.001" classname="com.guru.testing.page.TestBuyingBids">
    <skipped/>
  </testcase> <!-- phone -->
  <testcase name="dashboard" time="0.001" classname="com.guru.testing.page.TestBuyingBids">
    <skipped/>
  </testcase> <!-- dashboard -->
  <testcase name="buyBids" time="0.001" classname="com.guru.testing.page.TestBuyingBids">
    <skipped/>
  </testcase> <!-- buyBids -->
  <testcase name="makePayment" time="0.0" classname="com.guru.testing.page.TestBuyingBids">
    <skipped/>
  </testcase> <!-- makePayment -->
  <testcase name="verifyBidsAdded" time="0.001" classname="com.guru.testing.page.TestBuyingBids">
    <skipped/>
  </testcase> <!-- verifyBidsAdded -->
  <testcase name="verifyCAEntry" time="0.0" classname="com.guru.testing.page.TestBuyingBids">
    <skipped/>
  </testcase> <!-- verifyCAEntry -->
  <testcase name="removePayment" time="0.0" classname="com.guru.testing.page.TestBuyingBids">
    <skipped/>
  </testcase> <!-- removePayment -->
</testsuite> <!-- Default test -->
