<?xml version="1.0" encoding="UTF-8"?>
<!-- Generated by org.testng.reporters.JUnitXMLReporter -->
<testsuite hostname="AKSHI-PC" name="1. Login as Employer. And click &#039;Post a Job&#039;." tests="10" failures="0" timestamp="16 Jun 2017 04:30:43 GMT" time="40.124" errors="0">
  <testcase name="navigateToUrlTest" time="6.05" classname="com.guru.testing.page.LaunchApplicationPageTest"/>
  <testcase name="verifyLoginPageTest" time="0.17" classname="com.guru.testing.page.LoginPageTest"/>
  <testcase name="enterEmailOrUsernameTest" time="0.136" classname="com.guru.testing.page.LoginPageTest"/>
  <testcase name="enterPasswordTest" time="0.094" classname="com.guru.testing.page.LoginPageTest"/>
  <testcase name="clickSignInButtonTest" time="5.333" classname="com.guru.testing.page.LoginPageTest"/>
  <testcase name="validateSecurityQuestionsPageTest" time="9.22" classname="com.guru.testing.page.SecurityQuestionsPageTest"/>
  <testcase name="verifyPhoneVerificationPageTest" time="5.135" classname="com.guru.testing.page.PhoneVerificationPageTest"/>
  <testcase name="verifySkipThisForNowLinkTest" time="5.148" classname="com.guru.testing.page.PhoneVerificationPageTest"/>
  <testcase name="verifyEMPDashboardPageTest" time="0.25" classname="com.guru.testing.page.DashboardPageTest"/>
  <testcase name="clickPostAJobTopNavTest" time="3.479" classname="com.guru.testing.page.DashboardPageTest"/>
</testsuite> <!-- 1. Login as Employer. And click 'Post a Job'. -->
