<?xml version="1.0" encoding="UTF-8"?>
<!-- Generated by org.testng.reporters.JUnitXMLReporter -->
<testsuite hostname="AKSHI-PC" name="2. Post a featured job." tests="18" failures="0" timestamp="16 Jun 2017 04:31:48 GMT" time="64.889" errors="0">
  <testcase name="verifyPostAJobPageTest" time="0.879" classname="com.guru.testing.page.PostAJobPageTest"/>
  <testcase name="enterRandomJobTitleTest" time="0.326" classname="com.guru.testing.page.PostAJobPageTest"/>
  <testcase name="enterJobDescriptionTest" time="6.566" classname="com.guru.testing.page.PostAJobPageTest"/>
  <testcase name="clickWebCategoryTest" time="0.133" classname="com.guru.testing.page.PostAJobPageTest"/>
  <testcase name="enterKeywordsTest" time="15.917" classname="com.guru.testing.page.PostAJobPageTest"/>
  <testcase name="selectFixedPriceBudgetTest" time="0.169" classname="com.guru.testing.page.PostAJobPageTest"/>
  <testcase name="clickFeatureMyJobTest" time="0.066" classname="com.guru.testing.page.PostAJobPageTest"/>
  <testcase name="clickPostJobButtonTest" time="0.069" classname="com.guru.testing.page.PostAJobPageTest"/>
  <testcase name="verifyPayForFeaturingJobTest" time="8.503" classname="com.guru.testing.page.PayNowPageTest"/>
  <testcase name="verifyPaymentMethodTest" time="0.223" classname="com.guru.testing.page.PayNowPageTest"/>
  <testcase name="selectAgreeToPayCheckboxTest" time="0.095" classname="com.guru.testing.page.PayNowPageTest"/>
  <testcase name="clickToPayTest" time="0.101" classname="com.guru.testing.page.PayNowPageTest"/>
  <testcase name="verifyJobPostedTest" time="14.308" classname="com.guru.testing.page.PayNowPageTest"/>
  <testcase name="clickDashboardTopNavTest" time="2.399" classname="com.guru.testing.page.DashboardPageTest"/>
  <testcase name="verifyEMPDashboardPageTest" time="0.219" classname="com.guru.testing.page.DashboardPageTest"/>
  <testcase name="clickRandomJobnamePostedTest" time="5.979" classname="com.guru.testing.page.DashboardPageTest"/>
  <testcase name="verifyQuotesPageTest" time="5.413" classname="com.guru.testing.page.HirePageTest"/>
  <testcase name="getTinyURLTest" time="3.508" classname="com.guru.testing.page.HirePageTest"/>
</testsuite> <!-- 2. Post a featured job. -->
