<?xml version="1.0" encoding="UTF-8"?>
<!-- Generated by org.testng.reporters.JUnitXMLReporter -->
<testsuite hostname="AKSHI-PC" name="6. Fund Safepay using CC." tests="10" failures="0" timestamp="16 Jun 2017 04:36:25 GMT" time="35.854" errors="0">
  <testcase name="clickAddFundsTest" time="21.843" classname="com.guru.testing.page.WorkroomPageTest"/>
  <testcase name="enterSafepayAmountTest" time="3.193" classname="com.guru.testing.page.WorkroomPageTest"/>
  <testcase name="clickAddFundsToSafepayTest" time="0.061" classname="com.guru.testing.page.WorkroomPageTest"/>
  <testcase name="verifyPayforSafepayTest" time="3.846" classname="com.guru.testing.page.PayNowPageTest"/>
  <testcase name="verifyPaymentMethodTest" time="0.208" classname="com.guru.testing.page.PayNowPageTest"/>
  <testcase name="selectCCTest" time="0.238" classname="com.guru.testing.page.PayNowPageTest"/>
  <testcase name="selectAgreeToPayCheckboxTest" time="0.082" classname="com.guru.testing.page.PayNowPageTest"/>
  <testcase name="clickToPayTest" time="0.086" classname="com.guru.testing.page.PayNowPageTest"/>
  <testcase name="verifySafepayFundSuccessTest" time="3.868" classname="com.guru.testing.page.PayNowPageTest"/>
  <testcase name="clickBackToSafePayPageTest" time="2.422" classname="com.guru.testing.page.PayNowPageTest"/>
</testsuite> <!-- 6. Fund Safepay using CC. -->
